<?xml version="1.0" encoding="UTF-8"?>
<testsuite name="com.sim.DemoQA" tests="1" skipped="0" failures="0" errors="0" timestamp="2021-09-06T05:57:37" hostname="LAPTOP-OB914OE2" time="19.783">
  <properties/>
  <testcase name="fillTheForm()" classname="com.sim.DemoQA" time="19.783"/>
  <system-out><![CDATA[]]></system-out>
  <system-err><![CDATA[[Test worker] INFO com.codeborne.selenide.impl.WebDriverThreadLocalContainer - No webdriver is bound to current thread: 14 - let's create a new webdriver
[Test worker] INFO com.codeborne.selenide.impl.FileHelper - Creating folder: C:\Users\79501\Documents\GitHub\QAGuruLesson2\build\downloads\1630907857156_14076_14
[Test worker] INFO io.github.bonigarcia.wdm.WebDriverManager - Using chromedriver 93.0.4577.15 (resolved driver for Chrome 93)
[Test worker] INFO io.github.bonigarcia.wdm.WebDriverManager - Exporting webdriver.chrome.driver as C:\Users\79501\.cache\selenium\chromedriver\win32\93.0.4577.15\chromedriver.exe
Starting ChromeDriver 93.0.4577.15 (660fc11082ba57405eca2e8c49c3e1af756fbfae-refs/branch-heads/4577@{#203}) on port 2977
Only local connections are allowed.
Please see https://chromedriver.chromium.org/security-considerations for suggestions on keeping ChromeDriver safe.
ChromeDriver was started successfully.
сент. 06, 2021 8:57:42 AM org.openqa.selenium.remote.ProtocolHandshake createSession
INFO: Detected dialect: W3C
[Test worker] INFO com.codeborne.selenide.webdriver.HttpClientTimeouts - Changed connectTimeout from 120000 to 60000
[Test worker] INFO com.codeborne.selenide.webdriver.HttpClientTimeouts - Changed readTimeout from 10800000 to 120000
[Test worker] INFO com.codeborne.selenide.webdriver.WebDriverFactory - BrowserName=chrome Version=93.0.4577.63 Platform=WINDOWS
[Test worker] INFO com.codeborne.selenide.webdriver.WebDriverFactory - Selenide v. 5.24.0
[Test worker] INFO com.codeborne.selenide.webdriver.WebDriverFactory - Selenium WebDriver v. 3.141.59 build time: 2018-11-14T08:17:03
[Test worker] INFO com.codeborne.selenide.drivercommands.CreateDriverCommand - Create webdriver in current thread 14: ChromeDriver -> ChromeDriver: chrome on WINDOWS (cf9ab659c0d5e9d03003656176aceac6)
]]></system-err>
</testsuite>
